<?xml version="1.0" encoding="UTF-8"?>
<testng-results ignored="0" total="1" passed="1" failed="0" skipped="0">
  <reporter-output>
  </reporter-output>
  <suite started-at="2025-06-18T11:40:50 IST" name="Default suite" finished-at="2025-06-18T11:40:50 IST" duration-ms="46">
    <groups>
    </groups>
    <test started-at="2025-06-18T11:40:50 IST" name="Default test" finished-at="2025-06-18T11:40:50 IST" duration-ms="46">
      <class name="testWeb.TestTestNG">
        <test-method signature="TestNGTest()[pri:0, instance:testWeb.TestTestNG@60099951]" started-at="2025-06-18T11:40:50 IST" name="TestNGTest" finished-at="2025-06-18T11:40:50 IST" duration-ms="7" status="PASS">
          <reporter-output>
          </reporter-output>
        </test-method> <!-- TestNGTest -->
      </class> <!-- testWeb.TestTestNG -->
    </test> <!-- Default test -->
  </suite> <!-- Default suite -->
</testng-results>
